array (
  'tousername' => 'gh_53b99b6b4625',
  'fromusername' => 'oPsct0zWD-fOpUm_RP4IdQfEum-I',
  'createtime' => '1591084261',
  'msgtype' => 'text',
  'content' => '618',
  'msgid' => '22778852951656779',
  'from' => 'oPsct0zWD-fOpUm_RP4IdQfEum-I',
  'to' => 'gh_53b99b6b4625',
  'time' => '1591084261',
  'type' => 'text',
  'event' => NULL,
  'redirection' => false,
  'source' => NULL,
)
array (
  'tousername' => 'gh_53b99b6b4625',
  'fromusername' => 'oPsct032nyeS20khumjD7bbRGSm8',
  'createtime' => '1591084358',
  'msgtype' => 'text',
  'content' => '618',
  'msgid' => '22778851639095664',
  'from' => 'oPsct032nyeS20khumjD7bbRGSm8',
  'to' => 'gh_53b99b6b4625',
  'time' => '1591084358',
  'type' => 'text',
  'event' => NULL,
  'redirection' => false,
  'source' => NULL,
)
array (
  'tousername' => 'gh_53b99b6b4625',
  'fromusername' => 'oPsct0-kPJ_1nYukewFcX8fL1IqI-123',
  'createtime' => '1591084524',
  'msgtype' => 'text',
  'content' => '618',
  'msgid' => '22778856133393112',
  'from' => 'oPsct0-kPJ_1nYukewFcX8fL1IqI-123',
  'to' => 'gh_53b99b6b4625',
  'time' => '1591084524',
  'type' => 'text',
  'event' => NULL,
  'redirection' => false,
  'source' => NULL,
)
